<?xml version="1.0" encoding="UTF-8"?>
<!-- Generated by org.testng.reporters.JUnitXMLReporter -->
<testsuite hostname="MajidPathan-PC" ignored="0" name="Default test" tests="3" failures="0" timestamp="18 Jan 2018 03:19:06 GMT" time="123.747" errors="0">
  <testcase name="signUp" time="44.421" classname="page.object.model.MyMainClass"/>
  <testcase name="login" time="10.914" classname="page.object.model.MyMainClass"/>
  <testcase name="product" time="0.003" classname="page.object.model.MyMainClass"/>
</testsuite> <!-- Default test -->
