<?xml version="1.0" encoding="UTF-8"?>
<!-- Generated by org.testng.reporters.JUnitXMLReporter -->
<testsuite hostname="MajidPathan-PC" ignored="0" name="Default test" tests="3" failures="0" timestamp="17 Jan 2018 03:09:37 GMT" time="72.563" errors="0">
  <testcase name="signUp" time="33.857" classname="page.object.model.MyMainClass"/>
  <testcase name="login" time="8.629" classname="page.object.model.MyMainClass"/>
  <testcase name="product" time="0.004" classname="page.object.model.MyMainClass"/>
</testsuite> <!-- Default test -->
