<?xml version="1.0" encoding="UTF-8"?>
<!-- Generated by org.testng.reporters.JUnitXMLReporter -->
<testsuite hostname="MajidPathan-PC" ignored="0" name="Test" tests="3" failures="0" timestamp="18 Jan 2018 03:56:14 GMT" time="104.995" errors="0">
  <testcase name="signUp" time="32.788" classname="page.object.model.MyMainClass"/>
  <testcase name="login" time="11.21" classname="page.object.model.MyMainClass"/>
  <testcase name="product" time="0.001" classname="page.object.model.MyMainClass"/>
</testsuite> <!-- Test -->
