<?xml version="1.0" encoding="UTF-8"?>
<testng-results skipped="0" failed="0" ignored="0" total="3" passed="3">
  <reporter-output>
  </reporter-output>
  <suite name="Suite" duration-ms="104995" started-at="2018-01-18T03:54:29Z" finished-at="2018-01-18T03:56:14Z">
    <groups>
    </groups>
    <test name="Test" duration-ms="104995" started-at="2018-01-18T03:54:29Z" finished-at="2018-01-18T03:56:14Z">
      <class name="page.object.model.MyMainClass">
        <test-method status="PASS" signature="setup()[pri:0, instance:page.object.model.MyMainClass@12050f6]" name="setup" is-config="true" duration-ms="56569" started-at="2018-01-18T09:24:29Z" finished-at="2018-01-18T09:25:25Z">
          <reporter-output>
          </reporter-output>
        </test-method> <!-- setup -->
        <test-method status="PASS" signature="signUp()[pri:1, instance:page.object.model.MyMainClass@12050f6]" name="signUp" duration-ms="32788" started-at="2018-01-18T09:25:25Z" finished-at="2018-01-18T09:25:58Z">
          <reporter-output>
          </reporter-output>
        </test-method> <!-- signUp -->
        <test-method status="PASS" signature="login()[pri:2, instance:page.object.model.MyMainClass@12050f6]" name="login" duration-ms="11210" started-at="2018-01-18T09:25:58Z" finished-at="2018-01-18T09:26:09Z">
          <reporter-output>
          </reporter-output>
        </test-method> <!-- login -->
        <test-method status="PASS" signature="product()[pri:3, instance:page.object.model.MyMainClass@12050f6]" name="product" duration-ms="1" started-at="2018-01-18T09:26:09Z" finished-at="2018-01-18T09:26:09Z">
          <reporter-output>
          </reporter-output>
        </test-method> <!-- product -->
        <test-method status="PASS" signature="teardown()[pri:0, instance:page.object.model.MyMainClass@12050f6]" name="teardown" is-config="true" duration-ms="4158" started-at="2018-01-18T09:26:09Z" finished-at="2018-01-18T09:26:14Z">
          <reporter-output>
          </reporter-output>
        </test-method> <!-- teardown -->
      </class> <!-- page.object.model.MyMainClass -->
    </test> <!-- Test -->
  </suite> <!-- Suite -->
</testng-results>
