<?xml version="1.0" encoding="UTF-8"?>
<testng-results skipped="0" failed="0" ignored="0" total="3" passed="3">
  <reporter-output>
  </reporter-output>
  <suite name="Default suite" duration-ms="48844" started-at="2018-01-17T03:33:01Z" finished-at="2018-01-17T03:33:50Z">
    <groups>
    </groups>
    <test name="Default test" duration-ms="48844" started-at="2018-01-17T03:33:01Z" finished-at="2018-01-17T03:33:50Z">
      <class name="page.object.model.MyMainClass">
        <test-method status="PASS" signature="setup()[pri:0, instance:page.object.model.MyMainClass@968a59]" name="setup" is-config="true" duration-ms="17469" started-at="2018-01-17T09:03:01Z" finished-at="2018-01-17T09:03:18Z">
          <reporter-output>
          </reporter-output>
        </test-method> <!-- setup -->
        <test-method status="PASS" signature="signUp()[pri:1, instance:page.object.model.MyMainClass@968a59]" name="signUp" duration-ms="24870" started-at="2018-01-17T09:03:19Z" finished-at="2018-01-17T09:03:43Z">
          <reporter-output>
          </reporter-output>
        </test-method> <!-- signUp -->
        <test-method status="PASS" signature="login()[pri:2, instance:page.object.model.MyMainClass@968a59]" name="login" duration-ms="4129" started-at="2018-01-17T09:03:43Z" finished-at="2018-01-17T09:03:48Z">
          <reporter-output>
          </reporter-output>
        </test-method> <!-- login -->
        <test-method status="PASS" signature="product()[pri:3, instance:page.object.model.MyMainClass@968a59]" name="product" duration-ms="3" started-at="2018-01-17T09:03:48Z" finished-at="2018-01-17T09:03:48Z">
          <reporter-output>
          </reporter-output>
        </test-method> <!-- product -->
        <test-method status="PASS" signature="teardown()[pri:0, instance:page.object.model.MyMainClass@968a59]" name="teardown" is-config="true" duration-ms="2292" started-at="2018-01-17T09:03:48Z" finished-at="2018-01-17T09:03:50Z">
          <reporter-output>
          </reporter-output>
        </test-method> <!-- teardown -->
      </class> <!-- page.object.model.MyMainClass -->
    </test> <!-- Default test -->
  </suite> <!-- Default suite -->
</testng-results>
